{"C:\\Users\\Sergey\\WebstormProjects\\OTUS_HOME_WORK\\home_task_7\\home_task_7_4\\src\\createObjUser.js": {"path":"C:\\Users\\Sergey\\WebstormProjects\\OTUS_HOME_WORK\\home_task_7\\home_task_7_4\\src\\createObjUser.js","all":false,"statementMap":{"0":{"start":{"line":1,"column":0},"end":{"line":1,"column":27}},"1":{"start":{"line":2,"column":0},"end":{"line":2,"column":16}},"2":{"start":{"line":3,"column":0},"end":{"line":3,"column":21}},"3":{"start":{"line":4,"column":0},"end":{"line":4,"column":6}},"4":{"start":{"line":5,"column":0},"end":{"line":5,"column":16}},"5":{"start":{"line":6,"column":0},"end":{"line":6,"column":1}},"6":{"start":{"line":7,"column":0},"end":{"line":7,"column":0}},"7":{"start":{"line":8,"column":0},"end":{"line":8,"column":29}},"8":{"start":{"line":9,"column":0},"end":{"line":9,"column":19}},"9":{"start":{"line":10,"column":0},"end":{"line":10,"column":42}},"10":{"start":{"line":11,"column":0},"end":{"line":11,"column":16}},"11":{"start":{"line":12,"column":0},"end":{"line":12,"column":1}},"12":{"start":{"line":13,"column":0},"end":{"line":13,"column":0}},"13":{"start":{"line":14,"column":0},"end":{"line":14,"column":34}},"14":{"start":{"line":15,"column":0},"end":{"line":15,"column":57}},"15":{"start":{"line":16,"column":0},"end":{"line":16,"column":17}},"16":{"start":{"line":17,"column":0},"end":{"line":17,"column":1}},"17":{"start":{"line":18,"column":0},"end":{"line":18,"column":0}},"18":{"start":{"line":19,"column":0},"end":{"line":19,"column":39}},"19":{"start":{"line":20,"column":0},"end":{"line":20,"column":32}},"20":{"start":{"line":21,"column":0},"end":{"line":21,"column":33}},"21":{"start":{"line":22,"column":0},"end":{"line":22,"column":1}}},"s":{"0":1,"1":1,"2":1,"3":1,"4":1,"5":1,"6":1,"7":1,"8":1,"9":1,"10":1,"11":1,"12":1,"13":1,"14":0,"15":0,"16":0,"17":1,"18":1,"19":0,"20":0,"21":0},"branchMap":{"0":{"type":"branch","line":1,"loc":{"start":{"line":1,"column":7},"end":{"line":6,"column":1}},"locations":[{"start":{"line":1,"column":7},"end":{"line":6,"column":1}}]},"1":{"type":"branch","line":8,"loc":{"start":{"line":8,"column":7},"end":{"line":12,"column":1}},"locations":[{"start":{"line":8,"column":7},"end":{"line":12,"column":1}}]}},"b":{"0":[1],"1":[1]},"fnMap":{"0":{"name":"getUser","decl":{"start":{"line":1,"column":7},"end":{"line":6,"column":1}},"loc":{"start":{"line":1,"column":7},"end":{"line":6,"column":1}},"line":1},"1":{"name":"addAge","decl":{"start":{"line":8,"column":7},"end":{"line":12,"column":1}},"loc":{"start":{"line":8,"column":7},"end":{"line":12,"column":1}},"line":8},"2":{"name":"cloneObject","decl":{"start":{"line":14,"column":7},"end":{"line":17,"column":1}},"loc":{"start":{"line":14,"column":7},"end":{"line":17,"column":1}},"line":14},"3":{"name":"objDestructuring","decl":{"start":{"line":19,"column":7},"end":{"line":22,"column":1}},"loc":{"start":{"line":19,"column":7},"end":{"line":22,"column":1}},"line":19}},"f":{"0":1,"1":1,"2":0,"3":0}}
}
