TN:
SF:home_task_7\home_task_7_1_1\src\sum.js
FN:1,sum
FNF:1
FNH:1
FNDA:3,sum
DA:1,1
DA:2,3
DA:3,3
LF:3
LH:3
BRDA:1,0,0,3
BRF:1
BRH:1
end_of_record
TN:
SF:home_task_7\home_task_7_1_2\src\sumOfString.js
FN:1,sumOfString
FNF:1
FNH:1
FNDA:3,sumOfString
DA:1,1
DA:2,3
DA:3,3
LF:3
LH:3
BRDA:1,0,0,3
BRF:1
BRH:1
end_of_record
TN:
SF:home_task_7\home_task_7_1_3\src\getSumOfNumber.js
FN:1,getSumOfNumber
FNF:1
FNH:1
FNDA:3,getSumOfNumber
DA:1,1
DA:2,3
DA:3,3
DA:4,3
DA:5,3
DA:6,9
DA:7,9
DA:8,3
DA:9,3
LF:9
LH:9
BRDA:1,0,0,3
BRDA:5,1,0,9
BRF:2
BRH:2
end_of_record
TN:
SF:home_task_7\home_task_7_2_1\src\getBiggestNumber.js
FN:1,getBiggestNumber
FNF:1
FNH:1
FNDA:3,getBiggestNumber
DA:1,1
DA:2,3
DA:3,3
LF:3
LH:3
BRDA:1,0,0,3
BRDA:2,1,0,1
BRDA:2,2,0,2
BRF:3
BRH:3
end_of_record
TN:
SF:home_task_7\home_task_7_2_2\src\getMonthByNumber.js
FN:1,getMonthByNumber
FNF:1
FNH:1
FNDA:3,getMonthByNumber
DA:1,1
DA:2,3
DA:3,3
DA:4,3
DA:5,3
DA:6,3
DA:7,3
DA:8,3
DA:9,3
DA:10,3
DA:11,3
DA:12,3
DA:13,3
DA:14,3
DA:15,3
DA:16,3
DA:17,3
DA:18,3
LF:18
LH:18
BRDA:1,0,0,3
BRF:1
BRH:1
end_of_record
TN:
SF:home_task_7\home_task_7_2_3\src\circleInSquare.js
FN:1,hasCircleFitSquare
FNF:1
FNH:1
FNDA:2,hasCircleFitSquare
DA:1,1
DA:2,2
DA:3,2
LF:3
LH:3
BRDA:1,0,0,2
BRF:1
BRH:1
end_of_record
TN:
SF:home_task_7\home_task_7_3_1\src\sumOfAllNumbers.js
FN:3,sumOfAllNumbers
FNF:1
FNH:1
FNDA:2,sumOfAllNumbers
DA:1,1
DA:2,1
DA:3,1
DA:4,2
DA:5,2
DA:6,54
DA:7,54
DA:8,2
DA:9,2
LF:9
LH:9
BRDA:3,0,0,2
BRDA:5,1,0,54
BRF:2
BRH:2
end_of_record
TN:
SF:home_task_7\home_task_7_3_2\src\multiplicationTableOn7.js
FN:1,multiplicationTableOn7
FNF:1
FNH:1
FNDA:9,multiplicationTableOn7
DA:1,1
DA:2,9
DA:3,81
DA:4,81
DA:5,9
LF:5
LH:5
BRDA:1,0,0,9
BRDA:2,1,0,81
BRF:2
BRH:2
end_of_record
TN:
SF:home_task_7\home_task_7_3_3\src\getAverageOdd.js
FN:1,getAverageOdd
FNF:1
FNH:1
FNDA:3,getAverageOdd
DA:1,1
DA:2,3
DA:3,3
DA:4,3
DA:5,3
DA:6,3
DA:7,3
DA:8,14
DA:9,14
DA:10,14
DA:11,3
DA:12,3
LF:12
LH:12
BRDA:1,0,0,3
BRDA:7,1,0,14
BRF:2
BRH:2
end_of_record
TN:
SF:home_task_7\home_task_7_4_1\src\CreateObjUser.js
FN:1,addAge
FNF:1
FNH:1
FNDA:1,addAge
DA:1,1
DA:2,1
DA:3,1
DA:4,1
DA:5,1
DA:6,1
DA:7,1
LF:7
LH:7
BRDA:1,0,0,1
BRF:1
BRH:1
end_of_record
